<?xml version="1.0" encoding="UTF-8"?>
<!-- Generated by org.testng.reporters.JUnitXMLReporter -->
<testsuite hostname="LAPTOP-2B3VV4RM" name="Test" tests="8" failures="1" timestamp="5 Sep 2018 18:54:26 GMT" time="83.056" errors="0">
  <testcase name="testLoginFunctioanlity" time="3.251" classname="com.acti.Testcases.TestValidateLoginFromExcel"/>
  <testcase name="testLoginFunctioanlity" time="3.499" classname="com.acti.Testcases.TestValidateLoginFromExcel"/>
  <testcase name="testLoginFunctioanlity" time="3.214" classname="com.acti.Testcases.TestValidateLoginFromExcel"/>
  <testcase name="testLoginFunctioanlity" time="3.145" classname="com.acti.Testcases.TestValidateLoginFromExcel"/>
  <testcase name="testverifyHomepageElements" time="1.607" classname="com.acti.Testcases.TestHomePage"/>
  <testcase name="testloginfuntionality" time="3.46" classname="com.acti.Testcases.TestValidateLogin2"/>
  <testcase name="testAddProcuctToCartFunctionality" time="5.303" classname="com.acti.Testcases.TestAddProcuctToCart">
    <failure type="org.openqa.selenium.WebDriverException" message="Element is not clickable at point (609.5833129882812, 125.10000610351562). Other element would receive the click: &amp;lt;span&amp;gt;&amp;lt;/span&amp;gt;
Command duration or timeout: 83 milliseconds
Build info: version: &amp;apos;2.53.1&amp;apos;, revision: &amp;apos;a36b8b1cd5757287168e54b817830adce9b0158d&amp;apos;, time: &amp;apos;2016-06-30 19:26:09&amp;apos;
System info: host: &amp;apos;LAPTOP-2B3VV4RM&amp;apos;, ip: &amp;apos;192.168.1.16&amp;apos;, os.name: &amp;apos;Windows 10&amp;apos;, os.arch: &amp;apos;amd64&amp;apos;, os.version: &amp;apos;10.0&amp;apos;, java.version: &amp;apos;1.8.0_181&amp;apos;
Driver info: org.openqa.selenium.firefox.FirefoxDriver
Capabilities [{applicationCacheEnabled=true, rotatable=false, handlesAlerts=true, databaseEnabled=true, version=46.0, platform=WINDOWS, nativeEvents=false, acceptSslCerts=true, webStorageEnabled=true, locationContextEnabled=true, browserName=firefox, takesScreenshot=true, javascriptEnabled=true, cssSelectorsEnabled=true}]
Session ID: a717cf38-db86-49ac-a4fc-b0542b959814">
      <![CDATA[org.openqa.selenium.WebDriverException: Element is not clickable at point (609.5833129882812, 125.10000610351562). Other element would receive the click: <span></span>
Command duration or timeout: 83 milliseconds
Build info: version: '2.53.1', revision: 'a36b8b1cd5757287168e54b817830adce9b0158d', time: '2016-06-30 19:26:09'
System info: host: 'LAPTOP-2B3VV4RM', ip: '192.168.1.16', os.name: 'Windows 10', os.arch: 'amd64', os.version: '10.0', java.version: '1.8.0_181'
Driver info: org.openqa.selenium.firefox.FirefoxDriver
Capabilities [{applicationCacheEnabled=true, rotatable=false, handlesAlerts=true, databaseEnabled=true, version=46.0, platform=WINDOWS, nativeEvents=false, acceptSslCerts=true, webStorageEnabled=true, locationContextEnabled=true, browserName=firefox, takesScreenshot=true, javascriptEnabled=true, cssSelectorsEnabled=true}]
Session ID: a717cf38-db86-49ac-a4fc-b0542b959814
	at org.openqa.selenium.remote.ErrorHandler.createThrowable(ErrorHandler.java:206)
	at org.openqa.selenium.remote.ErrorHandler.throwIfResponseFailed(ErrorHandler.java:158)
	at org.openqa.selenium.remote.RemoteWebDriver.execute(RemoteWebDriver.java:678)
	at org.openqa.selenium.remote.RemoteWebElement.execute(RemoteWebElement.java:327)
	at org.openqa.selenium.remote.RemoteWebElement.click(RemoteWebElement.java:85)
	at org.openqa.selenium.support.pagefactory.internal.LocatingElementHandler.invoke(LocatingElementHandler.java:51)
	at com.sun.proxy.$Proxy8.click(Unknown Source)
	at com.ms.Pages.TshirtsPage.AddToCart(TshirtsPage.java:26)
	at com.acti.Testcases.TestAddProcuctToCart.testAddProcuctToCartFunctionality(TestAddProcuctToCart.java:49)
... Removed 32 stack frames]]>
    </failure>
  </testcase> <!-- testAddProcuctToCartFunctionality -->
  <testcase name="testloginfuntionality" time="2.037" classname="com.acti.Testcases.TestValidateLogin"/>
</testsuite> <!-- Test -->
